Flutter crash report.
Please report a bug at https://github.com/flutter/flutter/issues.

## command

flutter drive --driver=test_driver/integration_test.dart --target=integration_test/widget_test.dart -d chrome

## exception

SessionNotCreatedException: SessionNotCreatedException (500): session not created: This version of ChromeDriver only supports Chrome version 114
Current browser version is 119.0.6045.123 with binary path /Applications/Google Chrome.app/Contents/MacOS/Google Chrome

```
#0      parseW3cResponse (package:webdriver/src/handler/w3c/utils.dart:81:9)
#1      W3cSessionHandler.parseCreateResponse (package:webdriver/src/handler/w3c/session.dart:19:21)
#2      InferSessionHandler.parseCreateResponse (package:webdriver/src/handler/infer_handler.dart:106:34)
#3      AsyncRequestClient.send (package:webdriver/src/common/request_client.dart:96:32)
<asynchronous suspension>
#4      createDriver (package:webdriver/async_core.dart:62:19)
<asynchronous suspension>
#5      WebDriverService.startTest (package:flutter_tools/src/drive/web_driver_service.dart:154:19)
<asynchronous suspension>
#6      DriveCommand.runCommand (package:flutter_tools/src/commands/drive.dart:323:30)
<asynchronous suspension>
#7      FlutterCommand.run.<anonymous closure> (package:flutter_tools/src/runner/flutter_command.dart:1323:27)
<asynchronous suspension>
#8      AppContext.run.<anonymous closure> (package:flutter_tools/src/base/context.dart:150:19)
<asynchronous suspension>
#9      CommandRunner.runCommand (package:args/command_runner.dart:212:13)
<asynchronous suspension>
#10     FlutterCommandRunner.runCommand.<anonymous closure> (package:flutter_tools/src/runner/flutter_command_runner.dart:348:9)
<asynchronous suspension>
#11     AppContext.run.<anonymous closure> (package:flutter_tools/src/base/context.dart:150:19)
<asynchronous suspension>
#12     FlutterCommandRunner.runCommand (package:flutter_tools/src/runner/flutter_command_runner.dart:294:5)
<asynchronous suspension>
#13     run.<anonymous closure>.<anonymous closure> (package:flutter_tools/runner.dart:113:9)
<asynchronous suspension>
#14     AppContext.run.<anonymous closure> (package:flutter_tools/src/base/context.dart:150:19)
<asynchronous suspension>
#15     main (package:flutter_tools/executable.dart:90:3)
<asynchronous suspension>
```

## flutter doctor

```
[33m[!][39m Flutter (Channel main, 3.14.0-14.0.pre.221, on macOS 14.1.1 23B81 darwin-arm64, locale en)
    [32m•[39m Flutter version 3.14.0-14.0.pre.221 on channel main at /Users/louisehsu/Development/flutter
    [33m![39m Unknown upstream repository.
      Reinstall Flutter by following instructions at https://flutter.dev/docs/get-started/install.
    [32m•[39m Framework revision 969911d1d0 (9 weeks ago), 2023-09-11 15:14:03 -0400
    [32m•[39m Engine revision 0774ddcda9
    [32m•[39m Dart version 3.2.0 (build 3.2.0-134.0.dev)
    [32m•[39m DevTools version 2.27.0
    [32m•[39m If those were intentional, you can disregard the above warnings; however it is recommended to use "git" directly to
      perform update checks and upgrades.

[31m[✗][39m Android toolchain - develop for Android devices
    [31m✗[39m Unable to locate Android SDK.
      Install Android Studio from: https://developer.android.com/studio/index.html
      On first launch it will assist you in installing the Android SDK components.
      (or visit https://flutter.dev/docs/get-started/install/macos#android-setup for detailed instructions).
      If the Android SDK has been installed to a custom location, please use
      `flutter config --android-sdk` to update to that location.


[32m[✓][39m Xcode - develop for iOS and macOS (Xcode 15.0)
    [32m•[39m Xcode at /Applications/Xcode-beta.app/Contents/Developer
    [32m•[39m Build 15A5219j
    [32m•[39m CocoaPods version 1.11.3

[32m[✓][39m Chrome - develop for the web
    [32m•[39m Chrome at /Applications/Google Chrome.app/Contents/MacOS/Google Chrome

[33m[!][39m Android Studio (not installed)
    [32m•[39m Android Studio not found; download from https://developer.android.com/studio/index.html
      (or visit https://flutter.dev/docs/get-started/install/macos#android-setup for detailed instructions).

[32m[✓][39m IntelliJ IDEA Community Edition (version 2022.2.3)
    [32m•[39m IntelliJ at /Applications/IntelliJ IDEA CE.app
    [32m•[39m Flutter plugin version 71.0.5
    [32m•[39m Dart plugin version 222.4345.14

[32m[✓][39m VS Code (version 1.84.0)
    [32m•[39m VS Code at /Applications/Visual Studio Code.app/Contents
    [32m•[39m Flutter extension can be installed from:
      🔨 https://marketplace.visualstudio.com/items?itemName=Dart-Code.flutter

[32m[✓][39m Connected device (3 available)
    [32m•[39m iPhone 14 (mobile) • B36DEA7E-B21D-467D-BBE0-5F83473C002A • ios            •
      com.apple.CoreSimulator.SimRuntime.iOS-16-0 (simulator)
    [32m•[39m macOS (desktop)    • macos                                • darwin-arm64   • macOS 14.1.1 23B81 darwin-arm64
    [32m•[39m Chrome (web)       • chrome                               • web-javascript • Google Chrome 119.0.6045.123
    [33m![39m Error: iPhone (74) is not available because it is unpaired. Pair with the device in the Xcode Devices Window, and
      respond to any pairing prompts on the device. (code -29)

[32m[✓][39m Network resources
    [32m•[39m All expected network resources are available.

[33m![39m Doctor found issues in 3 categories.
```
