Flutter crash report.
Please report a bug at https://github.com/flutter/flutter/issues.

## command

flutter --no-color test --machine --coverage test

## exception

ShaderCompilerException: ShaderCompilerException: Shader compilation of "/Users/2607432/Documents/src/flutter/packages/flutter/lib/src/material/shaders/stretch_effect.frag" to "build/unit_test_assets/shaders/stretch_effect.frag" failed with exit code -9.
impellerc stdout:

impellerc stderr:




```
#0      ShaderCompiler.compileShader (package:flutter_tools/src/build_system/tools/shader_compiler.dart:196:9)
<asynchronous suspension>
#1      writeBundle.<anonymous closure> (package:flutter_tools/src/bundle_builder.dart:208:25)
<asynchronous suspension>
#2      Future.wait.<anonymous closure> (dart:async/future.dart:546:21)
<asynchronous suspension>
#3      writeBundle (package:flutter_tools/src/bundle_builder.dart:171:3)
<asynchronous suspension>
#4      TestCommand._buildTestAsset (package:flutter_tools/src/commands/test.dart:791:7)
<asynchronous suspension>
#5      TestCommand.runCommand (package:flutter_tools/src/commands/test.dart:487:7)
<asynchronous suspension>
#6      FlutterCommand.run.<anonymous closure> (package:flutter_tools/src/runner/flutter_command.dart:1590:27)
<asynchronous suspension>
#7      AppContext.run.<anonymous closure> (package:flutter_tools/src/base/context.dart:154:19)
<asynchronous suspension>
#8      CommandRunner.runCommand (package:args/command_runner.dart:212:13)
<asynchronous suspension>
#9      FlutterCommandRunner.runCommand.<anonymous closure> (package:flutter_tools/src/runner/flutter_command_runner.dart:496:9)
<asynchronous suspension>
#10     AppContext.run.<anonymous closure> (package:flutter_tools/src/base/context.dart:154:19)
<asynchronous suspension>
#11     FlutterCommandRunner.runCommand (package:flutter_tools/src/runner/flutter_command_runner.dart:431:5)
<asynchronous suspension>
#12     FlutterCommandRunner.run.<anonymous closure> (package:flutter_tools/src/runner/flutter_command_runner.dart:307:33)
<asynchronous suspension>
#13     run.<anonymous closure>.<anonymous closure> (package:flutter_tools/runner.dart:104:11)
<asynchronous suspension>
#14     AppContext.run.<anonymous closure> (package:flutter_tools/src/base/context.dart:154:19)
<asynchronous suspension>
#15     main (package:flutter_tools/executable.dart:103:3)
<asynchronous suspension>
```

## flutter doctor

```
[✓] Flutter (Channel stable, 3.41.7, on macOS 26.2 25C56 darwin-x64, locale en-IN) [4.5s]
    • Flutter version 3.41.7 on channel stable at /Users/2607432/Documents/src/flutter
    • Upstream repository https://github.com/flutter/flutter.git
    • Framework revision cc0734ac71 (3 weeks ago), 2026-04-15 21:21:08 -0700
    • Engine revision 59aa584fdf
    • Dart version 3.11.5
    • DevTools version 2.54.2
    • Feature flags: enable-web, enable-linux-desktop, enable-macos-desktop, enable-windows-desktop, enable-android, enable-ios, cli-animations, enable-native-assets, omit-legacy-version-file, enable-lldb-debugging, enable-uiscene-migration

[✓] Android toolchain - develop for Android devices (Android SDK version 36.1.0) [13.2s]
    • Android SDK at /Users/2607432/Library/Android/sdk
    • Emulator version 36.5.11.0 (build_id 15261927) (CL:N/A)
    • Platform android-36.1, build-tools 36.1.0
    • Java binary at: /Applications/Android Studio.app/Contents/jbr/Contents/Home/bin/java
      This is the JDK bundled with the latest Android Studio installation on this machine.
      To manually set the JDK path, use: `flutter config --jdk-dir="path/to/jdk"`.
    • Java version OpenJDK Runtime Environment (build 21.0.10+-117844309-b1163.108)
    • All Android licenses accepted.

[✓] Xcode - develop for iOS and macOS (Xcode 26.1) [5.3s]
    • Xcode at /Applications/Xcode.app/Contents/Developer
    • Build 17B55
    • CocoaPods version 1.16.2

[✓] Chrome - develop for the web [16ms]
    • Chrome at /Applications/Google Chrome.app/Contents/MacOS/Google Chrome

[✓] Connected device (3 available) [8.2s]
    • iPhone 17 (mobile) • 98F4FC2E-596D-4AC4-8FD2-354E03FB21CD • ios            • com.apple.CoreSimulator.SimRuntime.iOS-26-1 (simulator)
    • macOS (desktop)    • macos                                • darwin-x64     • macOS 26.2 25C56 darwin-x64
    • Chrome (web)       • chrome                               • web-javascript • Google Chrome 147.0.7727.138

[!] Network resources [159ms]
    ✗ A network error occurred while checking "https://pub.dev/": Connection reset by peer
    ✗ A network error occurred while checking "https://storage.googleapis.com/": Connection reset by peer
    ✗ A network error occurred while checking "https://maven.google.com/": Connection reset by peer
    ✗ A network error occurred while checking "https://cocoapods.org/": Connection reset by peer
    ✗ A network error occurred while checking "https://github.com/": Connection reset by peer

! Doctor found issues in 1 category.
```
