Flutter crash report.
Please report a bug at https://github.com/flutter/flutter/issues.

## command

flutter drive -d web-server --web-port=7357 --driver test_driver/integration_test.dart --target integration_test/google_maps_controller_test.dart

## exception

SessionNotCreatedException: SessionNotCreatedException (500): session not created: This version of ChromeDriver only supports Chrome version 112
Current browser version is 114.0.5735.198 with binary path /Applications/Google Chrome.app/Contents/MacOS/Google Chrome

```
#0      parseW3cResponse (package:webdriver/src/handler/w3c/utils.dart:81:9)
#1      W3cSessionHandler.parseCreateResponse (package:webdriver/src/handler/w3c/session.dart:19:21)
#2      InferSessionHandler.parseCreateResponse (package:webdriver/src/handler/infer_handler.dart:106:34)
#3      AsyncRequestClient.send (package:webdriver/src/common/request_client.dart:96:32)
<asynchronous suspension>
#4      createDriver (package:webdriver/async_core.dart:62:19)
<asynchronous suspension>
#5      WebDriverService.startTest (package:flutter_tools/src/drive/web_driver_service.dart:145:19)
<asynchronous suspension>
#6      DriveCommand.runCommand (package:flutter_tools/src/commands/drive.dart:332:30)
<asynchronous suspension>
#7      FlutterCommand.run.<anonymous closure> (package:flutter_tools/src/runner/flutter_command.dart:1336:27)
<asynchronous suspension>
#8      AppContext.run.<anonymous closure> (package:flutter_tools/src/base/context.dart:150:19)
<asynchronous suspension>
#9      CommandRunner.runCommand (package:args/command_runner.dart:212:13)
<asynchronous suspension>
#10     FlutterCommandRunner.runCommand.<anonymous closure> (package:flutter_tools/src/runner/flutter_command_runner.dart:296:9)
<asynchronous suspension>
#11     AppContext.run.<anonymous closure> (package:flutter_tools/src/base/context.dart:150:19)
<asynchronous suspension>
#12     FlutterCommandRunner.runCommand (package:flutter_tools/src/runner/flutter_command_runner.dart:244:5)
<asynchronous suspension>
#13     run.<anonymous closure>.<anonymous closure> (package:flutter_tools/runner.dart:91:9)
<asynchronous suspension>
#14     AppContext.run.<anonymous closure> (package:flutter_tools/src/base/context.dart:150:19)
<asynchronous suspension>
#15     main (package:flutter_tools/executable.dart:91:3)
<asynchronous suspension>
```

## flutter doctor

```
[33m[!][39m Flutter (Channel unknown, 3.10.5, on macOS 13.4.1 22F770820d darwin-x64, locale en-VN)
    [33m![39m Flutter version 3.10.5 on channel unknown at /Users/loinguyen/work/flutter
      Currently on an unknown channel. Run `flutter channel` to switch to an official channel.
      If that doesn't fix the issue, reinstall Flutter by following instructions at https://flutter.dev/docs/get-started/install.
    [33m![39m Warning: `dart` on your path resolves to /usr/local/Cellar/dart/2.18.6/libexec/bin/dart, which is not inside your current Flutter SDK checkout at /Users/loinguyen/work/flutter. Consider adding /Users/loinguyen/work/flutter/bin to the front of your path.
    [33m![39m Unknown upstream repository.
      Reinstall Flutter by following instructions at https://flutter.dev/docs/get-started/install.
    [32m•[39m Framework revision 796c8ef792 (5 weeks ago), 2023-06-13 15:51:02 -0700
    [32m•[39m Engine revision 45f6e00911
    [32m•[39m Dart version 3.0.5
    [32m•[39m DevTools version 2.23.1
    [32m•[39m If those were intentional, you can disregard the above warnings; however it is recommended to use "git" directly to perform update checks and upgrades.

[33m[!][39m Android toolchain - develop for Android devices (Android SDK version 32.1.0-rc1)
    [32m•[39m Android SDK at /Users/loinguyen/Library/Android/sdk
    [32m•[39m Platform android-33, build-tools 32.1.0-rc1
    [32m•[39m Java binary at: /Applications/Android Studio.app/Contents/jre/Contents/Home/bin/java
    [32m•[39m Java version OpenJDK Runtime Environment (build 11.0.12+0-b1504.28-7817840)
    [31m✗[39m Android license status unknown.
      Run `flutter doctor --android-licenses` to accept the SDK licenses.
      See https://flutter.dev/docs/get-started/install/macos#android-setup for more details.

[32m[✓][39m Xcode - develop for iOS and macOS (Xcode 14.3.1)
    [32m•[39m Xcode at /Applications/Xcode.app/Contents/Developer
    [32m•[39m Build 14E300c
    [32m•[39m CocoaPods version 1.12.0

[32m[✓][39m Chrome - develop for the web
    [32m•[39m Chrome at /Applications/Google Chrome.app/Contents/MacOS/Google Chrome

[32m[✓][39m Android Studio (version 2021.2)
    [32m•[39m Android Studio at /Applications/Android Studio.app/Contents
    [32m•[39m Flutter plugin can be installed from:
      🔨 https://plugins.jetbrains.com/plugin/9212-flutter
    [32m•[39m Dart plugin can be installed from:
      🔨 https://plugins.jetbrains.com/plugin/6351-dart
    [32m•[39m Java version OpenJDK Runtime Environment (build 11.0.12+0-b1504.28-7817840)

[32m[✓][39m VS Code (version 1.80.1)
    [32m•[39m VS Code at /Applications/Visual Studio Code.app/Contents
    [32m•[39m Flutter extension version 3.68.0

[32m[✓][39m Connected device (3 available)
    [32m•[39m macOS (desktop)  • macos      • darwin-x64     • macOS 13.4.1 22F770820d darwin-x64
    [32m•[39m Web Server (web) • web-server • web-javascript • Flutter Tools
    [32m•[39m Chrome (web)     • chrome     • web-javascript • Google Chrome 114.0.5735.198

[32m[✓][39m Network resources
    [32m•[39m All expected network resources are available.

[33m![39m Doctor found issues in 2 categories.
```
